<?xml version="1.0" encoding="UTF-8"?>
<!-- Generated by org.testng.reporters.JUnitReportReporter -->
<testsuite hostname="TYSS-Shobha" failures="0" tests="3" name="TestNGPrg.DataProviderEx4" time="65.473" errors="0" timestamp="2025-01-24T19:27:21 IST" skipped="0">
  <testcase classname="TestNGPrg.DataProviderEx4" name="createOrganization" time="21.787"/>
  <testcase classname="TestNGPrg.DataProviderEx4" name="createOrganization" time="22.342"/>
  <testcase classname="TestNGPrg.DataProviderEx4" name="createOrganization" time="21.344"/>
</testsuite> <!-- TestNGPrg.DataProviderEx4 -->
