<?xml version="1.0" encoding="UTF-8"?>
<!-- Generated by org.testng.reporters.JUnitReportReporter -->
<testsuite hostname="TYSS-Shobha" failures="0" tests="3" name="TestNGPrg.DataProviderEx3" time="144.145" errors="0" timestamp="2025-01-23T20:24:11 IST" skipped="0">
  <testcase classname="TestNGPrg.DataProviderEx3" name="createOrganization" time="25.695"/>
  <testcase classname="TestNGPrg.DataProviderEx3" name="createOrganization" time="92.436"/>
  <testcase classname="TestNGPrg.DataProviderEx3" name="createOrganization" time="26.014"/>
</testsuite> <!-- TestNGPrg.DataProviderEx3 -->
