<?xml version="1.0" encoding="UTF-8"?>
<!-- Generated by org.testng.reporters.JUnitReportReporter -->
<testsuite hostname="TYSS-Shobha" failures="0" tests="3" name="TestNGPrg.SampleTest" time="0.029" errors="0" timestamp="2025-01-23T19:19:52 IST" skipped="1">
  <testcase classname="TestNGPrg.SampleTest" name="createContact" time="0.014"/>
  <testcase classname="TestNGPrg.SampleTest" name="deleteContact" time="0.015"/>
  <testcase classname="TestNGPrg.SampleTest" name="modifyContact">
    <skipped/>
  </testcase> <!-- modifyContact -->
</testsuite> <!-- TestNGPrg.SampleTest -->
