<?xml version="1.0" encoding="UTF-8"?>
<!-- Generated by org.testng.reporters.JUnitReportReporter -->
<testsuite hostname="TYSS-Shobha" failures="0" tests="1" name="Product.CreateProductAndDeleteProductTest" time="24.541" errors="0" timestamp="2025-01-24T20:52:12 IST" skipped="0">
  <testcase classname="Product.CreateProductAndDeleteProductTest" name="CreateProductAndDeleteProductTest" time="24.541"/>
</testsuite> <!-- Product.CreateProductAndDeleteProductTest -->
