<?xml version="1.0" encoding="UTF-8"?>
<!-- Generated by org.testng.reporters.JUnitReportReporter -->
<testsuite hostname="TYSS-Shobha" failures="0" tests="1" name="Organization.CreateOrganizationTest" time="20.920" errors="0" timestamp="2025-02-04T19:19:13 IST" skipped="0">
  <testcase classname="Organization.CreateOrganizationTest" name="CreateOrganizationTest" time="20.920"/>
</testsuite> <!-- Organization.CreateOrganizationTest -->
