<?xml version="1.0" encoding="UTF-8"?>
<!-- Generated by org.testng.reporters.JUnitReportReporter -->
<testsuite hostname="TYSS-Shobha" failures="0" tests="2" name="TestNGPrg.DataProviderEx2" time="0.020" errors="0" timestamp="2025-01-23T20:17:25 IST" skipped="0">
  <testcase classname="TestNGPrg.DataProviderEx2" name="bookTickets" time="0.014"/>
  <testcase classname="TestNGPrg.DataProviderEx2" name="bookTickets" time="0.006"/>
</testsuite> <!-- TestNGPrg.DataProviderEx2 -->
