<?xml version="1.0" encoding="UTF-8"?>
<!-- Generated by org.testng.reporters.JUnitReportReporter -->
<testsuite hostname="TYSS-Shobha" failures="0" tests="2" name="TestNGPrg.DataProviderEx1" time="0.011" errors="0" timestamp="2025-01-23T19:33:23 IST" skipped="0">
  <testcase classname="TestNGPrg.DataProviderEx1" name="bookTickets" time="0.009"/>
  <testcase classname="TestNGPrg.DataProviderEx1" name="bookTickets" time="0.002"/>
</testsuite> <!-- TestNGPrg.DataProviderEx1 -->
